<?xml version="1.0" encoding="UTF-8"?>
<testsuite name="feature" tests="1" skipped="0" failures="1" errors="0" timestamp="2022-07-23T06:28:23" hostname="DESKTOP-59QIBT2" time="205.208">
  <properties/>
  <testcase name="Do sign up process" classname="feature" time="205.208">
    <failure message="java.lang.AssertionError: no such element: Unable to locate element: {&quot;method&quot;:&quot;xpath&quot;,&quot;selector&quot;:&quot;//span[contains(text(), 'Complete Setup')]&quot;}&#10;  (Session info: chrome=103.0.5060.134)&#10;For documentation on this error, please visit: https://www.seleniumhq.org/exceptions/no_such_element.html&#10;Build info: version: '3.141.59', revision: 'e82be7d358', time: '2018-11-14T08:17:03'&#10;System info: host: 'DESKTOP-59QIBT2', ip: '192.168.20.32', os.name: 'Windows 10', os.arch: 'amd64', os.version: '10.0', java.version: '11.0.15'&#10;Driver info: org.openqa.selenium.chrome.ChromeDriver&#10;Capabilities {acceptInsecureCerts: false, browserName: chrome, browserVersion: 103.0.5060.134, chrome: {chromedriverVersion: 103.0.5060.134 (8ec6fce403b..., userDataDir: C:\Users\walmer\AppData\Loc...}, goog:chromeOptions: {debuggerAddress: localhost:59958}, javascriptEnabled: true, networkConnectionEnabled: false, pageLoadStrategy: normal, platform: WINDOWS, platformName: WINDOWS, proxy: Proxy(), setWindowRect: true, strictFileInteractability: false, timeouts: {implicit: 0, pageLoad: 300000, script: 30000}, unhandledPromptBehavior: dismiss and notify, webauthn:extension:credBlob: true, webauthn:extension:largeBlob: true, webauthn:virtualAuthenticators: true}&#10;Session ID: 4081fe38816f5b302658fc6d7aeaf8e5&#10;*** Element info: {Using=xpath, value=//span[contains(text(), 'Complete Setup')]}" type="java.lang.AssertionError">java.lang.AssertionError: no such element: Unable to locate element: {&quot;method&quot;:&quot;xpath&quot;,&quot;selector&quot;:&quot;//span[contains(text(), 'Complete Setup')]&quot;}
  (Session info: chrome=103.0.5060.134)
For documentation on this error, please visit: https://www.seleniumhq.org/exceptions/no_such_element.html
Build info: version: '3.141.59', revision: 'e82be7d358', time: '2018-11-14T08:17:03'
System info: host: 'DESKTOP-59QIBT2', ip: '192.168.20.32', os.name: 'Windows 10', os.arch: 'amd64', os.version: '10.0', java.version: '11.0.15'
Driver info: org.openqa.selenium.chrome.ChromeDriver
Capabilities {acceptInsecureCerts: false, browserName: chrome, browserVersion: 103.0.5060.134, chrome: {chromedriverVersion: 103.0.5060.134 (8ec6fce403b..., userDataDir: C:\Users\walmer\AppData\Loc...}, goog:chromeOptions: {debuggerAddress: localhost:59958}, javascriptEnabled: true, networkConnectionEnabled: false, pageLoadStrategy: normal, platform: WINDOWS, platformName: WINDOWS, proxy: Proxy(), setWindowRect: true, strictFileInteractability: false, timeouts: {implicit: 0, pageLoad: 300000, script: 30000}, unhandledPromptBehavior: dismiss and notify, webauthn:extension:credBlob: true, webauthn:extension:largeBlob: true, webauthn:virtualAuthenticators: true}
Session ID: 4081fe38816f5b302658fc6d7aeaf8e5
*** Element info: {Using=xpath, value=//span[contains(text(), 'Complete Setup')]}
	at net.serenitybdd.screenplay.ErrorTally.throwSummaryExceptionFrom(ErrorTally.java:36)
	at net.serenitybdd.screenplay.ErrorTally.reportAnyErrors(ErrorTally.java:30)
	at net.serenitybdd.screenplay.Actor.should(Actor.java:301)
	at co.com.choucair.prueba.stepdefinitions.ChoucairPruebaStepDefinitions.fillInTheFormAndGetCompleteSetup(ChoucairPruebaStepDefinitions.java:33)
	at ✽.fill in the form and get Complete Setup(src/test/resources/features/prueba_choucair.feature:9)
</failure>
  </testcase>
  <system-out><![CDATA[]]></system-out>
  <system-err><![CDATA[[Test worker] WARN net.thucydides.core.steps.BaseStepListener - stepStarted: net.thucydides.core.steps.ExecutedStepDescription@5782d777
[Test worker] WARN net.thucydides.core.steps.BaseStepListener - stepStarted: net.thucydides.core.steps.ExecutedStepDescription@79d82f66
[Test worker] WARN net.thucydides.core.steps.BaseStepListener - stepStarted: net.thucydides.core.steps.ExecutedStepDescription@4ceff87d
jul. 23, 2022 1:28:29 A. M. org.openqa.selenium.remote.DesiredCapabilities chrome
INFORMACIÓN: Using `new ChromeOptions()` is preferred to `DesiredCapabilities.chrome()`
[Test worker] INFO net.serenitybdd.core.webdriver.driverproviders.ProvideNewDriver - Instantiating driver
[Test worker] INFO net.serenitybdd.core.webdriver.driverproviders.ProvideNewDriver - Driver capabilities: Capabilities {acceptInsecureCerts: false, browserName: chrome, chrome.switches: --start-maximized, goog:chromeOptions: {args: [--start-maximized], extensions: []}, loggingPrefs: org.openqa.selenium.logging..., platform: ANY, version: }
Starting ChromeDriver 103.0.5060.134 (8ec6fce403b3feb0869b0732eda8bd95011d333c-refs/branch-heads/5060@{#1262}) on port 38944
Only local connections are allowed.
Please see https://chromedriver.chromium.org/security-considerations for suggestions on keeping ChromeDriver safe.
ChromeDriver was started successfully.
jul. 23, 2022 1:28:46 A. M. org.openqa.selenium.remote.ProtocolHandshake createSession
INFORMACIÓN: Detected dialect: W3C
[Test worker] WARN net.thucydides.core.steps.BaseStepListener - stepFinished: current outcome:Do sign up process:Given The user want sign up in Utest.com [User open up [User opens the Open up page]]
[Test worker] WARN net.thucydides.core.steps.BaseStepListener - stepFinished: current outcome:Do sign up process:Given The user want sign up in Utest.com [User open up [User opens the Open up page]]
[Test worker] WARN net.thucydides.core.steps.BaseStepListener - stepStarted: net.thucydides.core.steps.ExecutedStepDescription@7dd45c93
[Test worker] WARN net.thucydides.core.steps.BaseStepListener - stepStarted: net.thucydides.core.steps.ExecutedStepDescription@5ef2cbe6
[Test worker] WARN net.thucydides.core.steps.BaseStepListener - stepFinished: current outcome:Do sign up process:Given The user want sign up in Utest.com [User open up [User opens the Open up page], User login [User clicks on Button that show the sign up form]]
[Test worker] WARN net.thucydides.core.steps.BaseStepListener - stepFinished: current outcome:Do sign up process:Given The user want sign up in Utest.com [User open up [User opens the Open up page], User login [User clicks on Button that show the sign up form]]
[Test worker] WARN net.thucydides.core.steps.BaseStepListener - stepFinished: current outcome:Do sign up process:Given The user want sign up in Utest.com [User open up [User opens the Open up page], User login [User clicks on Button that show the sign up form]]
[Test worker] WARN net.thucydides.core.steps.BaseStepListener - stepStarted: net.thucydides.core.steps.ExecutedStepDescription@30afb481
[Test worker] WARN net.thucydides.core.steps.BaseStepListener - stepStarted: net.thucydides.core.steps.ExecutedStepDescription@4a9bce99
[Test worker] WARN net.thucydides.core.steps.BaseStepListener - stepStarted: net.thucydides.core.steps.ExecutedStepDescription@42ecc554
[Test worker] WARN net.thucydides.core.steps.BaseStepListener - stepFinished: current outcome:Do sign up process:Given The user want sign up in Utest.com [User open up [User opens the Open up page], User login [User clicks on Button that show the sign up form]], When he send the form with his information complete on sign up page [User basic [User enters 'Carmen' into Button where the user put his name]]
[Test worker] WARN net.thucydides.core.steps.BaseStepListener - stepStarted: net.thucydides.core.steps.ExecutedStepDescription@347123dc
[Test worker] WARN net.thucydides.core.steps.BaseStepListener - stepFinished: current outcome:Do sign up process:Given The user want sign up in Utest.com [User open up [User opens the Open up page], User login [User clicks on Button that show the sign up form]], When he send the form with his information complete on sign up page [User basic [User enters 'Carmen' into Button where the user put his name, User enters 'Rendon' into button when the user put his lastname]]
[Test worker] WARN net.thucydides.core.steps.BaseStepListener - stepStarted: net.thucydides.core.steps.ExecutedStepDescription@5db9f51f
[Test worker] WARN net.thucydides.core.steps.BaseStepListener - stepFinished: current outcome:Do sign up process:Given The user want sign up in Utest.com [User open up [User opens the Open up page], User login [User clicks on Button that show the sign up form]], When he send the form with his information complete on sign up page [User basic [User enters 'Carmen' into Button where the user put his name, User enters 'Rendon' into button when the user put his lastname, User enters 'CarmenRend197@gmail.com' into Button that we go to writte email]]
[Test worker] WARN net.thucydides.core.steps.BaseStepListener - stepStarted: net.thucydides.core.steps.ExecutedStepDescription@3c9e19de
[Test worker] WARN net.thucydides.core.steps.BaseStepListener - stepFinished: current outcome:Do sign up process:Given The user want sign up in Utest.com [User open up [User opens the Open up page], User login [User clicks on Button that show the sign up form]], When he send the form with his information complete on sign up page [User basic [User enters 'Carmen' into Button where the user put his name, User enters 'Rendon' into button when the user put his lastname, User enters 'CarmenRend197@gmail.com' into Button that we go to writte email, User clicks on Select month of your birthday]]
[Test worker] WARN net.thucydides.core.steps.BaseStepListener - stepStarted: net.thucydides.core.steps.ExecutedStepDescription@2c2a903f
[Test worker] WARN net.thucydides.core.steps.BaseStepListener - stepFinished: current outcome:Do sign up process:Given The user want sign up in Utest.com [User open up [User opens the Open up page], User login [User clicks on Button that show the sign up form]], When he send the form with his information complete on sign up page [User basic [User enters 'Carmen' into Button where the user put his name, User enters 'Rendon' into button when the user put his lastname, User enters 'CarmenRend197@gmail.com' into Button that we go to writte email, User clicks on Select month of your birthday, User clicks on Select Day of your birthday]]
[Test worker] WARN net.thucydides.core.steps.BaseStepListener - stepStarted: net.thucydides.core.steps.ExecutedStepDescription@2fb48970
[Test worker] WARN net.thucydides.core.steps.BaseStepListener - stepFinished: current outcome:Do sign up process:Given The user want sign up in Utest.com [User open up [User opens the Open up page], User login [User clicks on Button that show the sign up form]], When he send the form with his information complete on sign up page [User basic [User enters 'Carmen' into Button where the user put his name, User enters 'Rendon' into button when the user put his lastname, User enters 'CarmenRend197@gmail.com' into Button that we go to writte email, User clicks on Select month of your birthday, User clicks on Select Day of your birthday, User clicks on Select year of your birthday]]
[Test worker] WARN net.thucydides.core.steps.BaseStepListener - stepStarted: net.thucydides.core.steps.ExecutedStepDescription@3de8f85c
[Test worker] WARN net.thucydides.core.steps.BaseStepListener - stepFinished: current outcome:Do sign up process:Given The user want sign up in Utest.com [User open up [User opens the Open up page], User login [User clicks on Button that show the sign up form]], When he send the form with his information complete on sign up page [User basic [User enters 'Carmen' into Button where the user put his name, User enters 'Rendon' into button when the user put his lastname, User enters 'CarmenRend197@gmail.com' into Button that we go to writte email, User clicks on Select month of your birthday, User clicks on Select Day of your birthday, User clicks on Select year of your birthday, User enters 'EspaÃ±ol' into Select year of your birthday]]
[Test worker] WARN net.thucydides.core.steps.BaseStepListener - stepStarted: net.thucydides.core.steps.ExecutedStepDescription@6141647f
[Test worker] WARN net.thucydides.core.steps.BaseStepListener - stepFinished: current outcome:Do sign up process:Given The user want sign up in Utest.com [User open up [User opens the Open up page], User login [User clicks on Button that show the sign up form]], When he send the form with his information complete on sign up page [User basic [User enters 'Carmen' into Button where the user put his name, User enters 'Rendon' into button when the user put his lastname, User enters 'CarmenRend197@gmail.com' into Button that we go to writte email, User clicks on Select month of your birthday, User clicks on Select Day of your birthday, User clicks on Select year of your birthday, User enters 'EspaÃ±ol' into Select year of your birthday, User clicks on send form]]
[Test worker] WARN net.thucydides.core.steps.BaseStepListener - stepFinished: current outcome:Do sign up process:Given The user want sign up in Utest.com [User open up [User opens the Open up page], User login [User clicks on Button that show the sign up form]], When he send the form with his information complete on sign up page [User basic [User enters 'Carmen' into Button where the user put his name, User enters 'Rendon' into button when the user put his lastname, User enters 'CarmenRend197@gmail.com' into Button that we go to writte email, User clicks on Select month of your birthday, User clicks on Select Day of your birthday, User clicks on Select year of your birthday, User enters 'EspaÃ±ol' into Select year of your birthday, User clicks on send form]]
[Test worker] WARN net.thucydides.core.steps.BaseStepListener - stepStarted: net.thucydides.core.steps.ExecutedStepDescription@1bbb42b4
[Test worker] WARN net.thucydides.core.steps.BaseStepListener - stepStarted: net.thucydides.core.steps.ExecutedStepDescription@1de30c31
[Test worker] WARN net.thucydides.core.steps.BaseStepListener - stepFinished: current outcome:Do sign up process:Given The user want sign up in Utest.com [User open up [User opens the Open up page], User login [User clicks on Button that show the sign up form]], When he send the form with his information complete on sign up page [User basic [User enters 'Carmen' into Button where the user put his name, User enters 'Rendon' into button when the user put his lastname, User enters 'CarmenRend197@gmail.com' into Button that we go to writte email, User clicks on Select month of your birthday, User clicks on Select Day of your birthday, User clicks on Select year of your birthday, User enters 'EspaÃ±ol' into Select year of your birthday, User clicks on send form], User adress [User enters 'Cartagena' into field to write the city]]
[Test worker] WARN net.thucydides.core.steps.BaseStepListener - stepStarted: net.thucydides.core.steps.ExecutedStepDescription@334b392d
[Test worker] WARN net.thucydides.core.steps.BaseStepListener - stepFinished: current outcome:Do sign up process:Given The user want sign up in Utest.com [User open up [User opens the Open up page], User login [User clicks on Button that show the sign up form]], When he send the form with his information complete on sign up page [User basic [User enters 'Carmen' into Button where the user put his name, User enters 'Rendon' into button when the user put his lastname, User enters 'CarmenRend197@gmail.com' into Button that we go to writte email, User clicks on Select month of your birthday, User clicks on Select Day of your birthday, User clicks on Select year of your birthday, User enters 'EspaÃ±ol' into Select year of your birthday, User clicks on send form], User adress [User enters 'Cartagena' into field to write the city, User enters ARROW_DOWN into field to write the city]]
[Test worker] WARN net.thucydides.core.steps.BaseStepListener - stepStarted: net.thucydides.core.steps.ExecutedStepDescription@69ba72da
[Test worker] WARN net.thucydides.core.steps.BaseStepListener - stepFinished: current outcome:Do sign up process:Given The user want sign up in Utest.com [User open up [User opens the Open up page], User login [User clicks on Button that show the sign up form]], When he send the form with his information complete on sign up page [User basic [User enters 'Carmen' into Button where the user put his name, User enters 'Rendon' into button when the user put his lastname, User enters 'CarmenRend197@gmail.com' into Button that we go to writte email, User clicks on Select month of your birthday, User clicks on Select Day of your birthday, User clicks on Select year of your birthday, User enters 'EspaÃ±ol' into Select year of your birthday, User clicks on send form], User adress [User enters 'Cartagena' into field to write the city, User enters ARROW_DOWN into field to write the city, User enters ENTER into field to write the city]]
[Test worker] WARN net.thucydides.core.steps.BaseStepListener - stepStarted: net.thucydides.core.steps.ExecutedStepDescription@165aa43a
[Test worker] WARN net.thucydides.core.steps.BaseStepListener - stepFinished: current outcome:Do sign up process:Given The user want sign up in Utest.com [User open up [User opens the Open up page], User login [User clicks on Button that show the sign up form]], When he send the form with his information complete on sign up page [User basic [User enters 'Carmen' into Button where the user put his name, User enters 'Rendon' into button when the user put his lastname, User enters 'CarmenRend197@gmail.com' into Button that we go to writte email, User clicks on Select month of your birthday, User clicks on Select Day of your birthday, User clicks on Select year of your birthday, User enters 'EspaÃ±ol' into Select year of your birthday, User clicks on send form], User adress [User enters 'Cartagena' into field to write the city, User enters ARROW_DOWN into field to write the city, User enters ENTER into field to write the city, User enters '130001' into field to write postal code]]
[Test worker] WARN net.thucydides.core.steps.BaseStepListener - stepStarted: net.thucydides.core.steps.ExecutedStepDescription@26c59348
[Test worker] WARN net.thucydides.core.steps.BaseStepListener - stepFinished: current outcome:Do sign up process:Given The user want sign up in Utest.com [User open up [User opens the Open up page], User login [User clicks on Button that show the sign up form]], When he send the form with his information complete on sign up page [User basic [User enters 'Carmen' into Button where the user put his name, User enters 'Rendon' into button when the user put his lastname, User enters 'CarmenRend197@gmail.com' into Button that we go to writte email, User clicks on Select month of your birthday, User clicks on Select Day of your birthday, User clicks on Select year of your birthday, User enters 'EspaÃ±ol' into Select year of your birthday, User clicks on send form], User adress [User enters 'Cartagena' into field to write the city, User enters ARROW_DOWN into field to write the city, User enters ENTER into field to write the city, User enters '130001' into field to write postal code, User clicks on Select Country]]
[Test worker] WARN net.thucydides.core.steps.BaseStepListener - stepStarted: net.thucydides.core.steps.ExecutedStepDescription@2acca224
[Test worker] WARN net.thucydides.core.steps.BaseStepListener - stepFinished: current outcome:Do sign up process:Given The user want sign up in Utest.com [User open up [User opens the Open up page], User login [User clicks on Button that show the sign up form]], When he send the form with his information complete on sign up page [User basic [User enters 'Carmen' into Button where the user put his name, User enters 'Rendon' into button when the user put his lastname, User enters 'CarmenRend197@gmail.com' into Button that we go to writte email, User clicks on Select month of your birthday, User clicks on Select Day of your birthday, User clicks on Select year of your birthday, User enters 'EspaÃ±ol' into Select year of your birthday, User clicks on send form], User adress [User enters 'Cartagena' into field to write the city, User enters ARROW_DOWN into field to write the city, User enters ENTER into field to write the city, User enters '130001' into field to write postal code, User clicks on Select Country, User enters 'Colombia' into insert your country]]
[Test worker] WARN net.thucydides.core.steps.BaseStepListener - stepStarted: net.thucydides.core.steps.ExecutedStepDescription@2dd8a273
[Test worker] WARN net.thucydides.core.steps.BaseStepListener - stepFinished: current outcome:Do sign up process:Given The user want sign up in Utest.com [User open up [User opens the Open up page], User login [User clicks on Button that show the sign up form]], When he send the form with his information complete on sign up page [User basic [User enters 'Carmen' into Button where the user put his name, User enters 'Rendon' into button when the user put his lastname, User enters 'CarmenRend197@gmail.com' into Button that we go to writte email, User clicks on Select month of your birthday, User clicks on Select Day of your birthday, User clicks on Select year of your birthday, User enters 'EspaÃ±ol' into Select year of your birthday, User clicks on send form], User adress [User enters 'Cartagena' into field to write the city, User enters ARROW_DOWN into field to write the city, User enters ENTER into field to write the city, User enters '130001' into field to write postal code, User clicks on Select Country, User enters 'Colombia' into insert your country, User enters ENTER into insert your country]]
[Test worker] WARN net.thucydides.core.steps.BaseStepListener - stepStarted: net.thucydides.core.steps.ExecutedStepDescription@3ec082a1
[Test worker] WARN net.thucydides.core.steps.BaseStepListener - stepFinished: current outcome:Do sign up process:Given The user want sign up in Utest.com [User open up [User opens the Open up page], User login [User clicks on Button that show the sign up form]], When he send the form with his information complete on sign up page [User basic [User enters 'Carmen' into Button where the user put his name, User enters 'Rendon' into button when the user put his lastname, User enters 'CarmenRend197@gmail.com' into Button that we go to writte email, User clicks on Select month of your birthday, User clicks on Select Day of your birthday, User clicks on Select year of your birthday, User enters 'EspaÃ±ol' into Select year of your birthday, User clicks on send form], User adress [User enters 'Cartagena' into field to write the city, User enters ARROW_DOWN into field to write the city, User enters ENTER into field to write the city, User enters '130001' into field to write postal code, User clicks on Select Country, User enters 'Colombia' into insert your country, User enters ENTER into insert your country, User clicks on send form]]
[Test worker] WARN net.thucydides.core.steps.BaseStepListener - stepFinished: current outcome:Do sign up process:Given The user want sign up in Utest.com [User open up [User opens the Open up page], User login [User clicks on Button that show the sign up form]], When he send the form with his information complete on sign up page [User basic [User enters 'Carmen' into Button where the user put his name, User enters 'Rendon' into button when the user put his lastname, User enters 'CarmenRend197@gmail.com' into Button that we go to writte email, User clicks on Select month of your birthday, User clicks on Select Day of your birthday, User clicks on Select year of your birthday, User enters 'EspaÃ±ol' into Select year of your birthday, User clicks on send form], User adress [User enters 'Cartagena' into field to write the city, User enters ARROW_DOWN into field to write the city, User enters ENTER into field to write the city, User enters '130001' into field to write postal code, User clicks on Select Country, User enters 'Colombia' into insert your country, User enters ENTER into insert your country, User clicks on send form]]
[Test worker] WARN net.thucydides.core.steps.BaseStepListener - stepStarted: net.thucydides.core.steps.ExecutedStepDescription@6fc0e448
[Test worker] WARN net.thucydides.core.steps.BaseStepListener - stepStarted: net.thucydides.core.steps.ExecutedStepDescription@6ac9b66b
[Test worker] WARN net.thucydides.core.steps.BaseStepListener - stepFinished: current outcome:Do sign up process:Given The user want sign up in Utest.com [User open up [User opens the Open up page], User login [User clicks on Button that show the sign up form]], When he send the form with his information complete on sign up page [User basic [User enters 'Carmen' into Button where the user put his name, User enters 'Rendon' into button when the user put his lastname, User enters 'CarmenRend197@gmail.com' into Button that we go to writte email, User clicks on Select month of your birthday, User clicks on Select Day of your birthday, User clicks on Select year of your birthday, User enters 'EspaÃ±ol' into Select year of your birthday, User clicks on send form], User adress [User enters 'Cartagena' into field to write the city, User enters ARROW_DOWN into field to write the city, User enters ENTER into field to write the city, User enters '130001' into field to write postal code, User clicks on Select Country, User enters 'Colombia' into insert your country, User enters ENTER into insert your country, User clicks on send form], User devices [User clicks on Select your mobile device]]
[Test worker] WARN net.thucydides.core.steps.BaseStepListener - stepStarted: net.thucydides.core.steps.ExecutedStepDescription@21540255
[Test worker] WARN net.thucydides.core.steps.BaseStepListener - stepFinished: current outcome:Do sign up process:Given The user want sign up in Utest.com [User open up [User opens the Open up page], User login [User clicks on Button that show the sign up form]], When he send the form with his information complete on sign up page [User basic [User enters 'Carmen' into Button where the user put his name, User enters 'Rendon' into button when the user put his lastname, User enters 'CarmenRend197@gmail.com' into Button that we go to writte email, User clicks on Select month of your birthday, User clicks on Select Day of your birthday, User clicks on Select year of your birthday, User enters 'EspaÃ±ol' into Select year of your birthday, User clicks on send form], User adress [User enters 'Cartagena' into field to write the city, User enters ARROW_DOWN into field to write the city, User enters ENTER into field to write the city, User enters '130001' into field to write postal code, User clicks on Select Country, User enters 'Colombia' into insert your country, User enters ENTER into insert your country, User clicks on send form], User devices [User clicks on Select your mobile device, User enters 'Alcatel' into Select your mobile device]]
[Test worker] WARN net.thucydides.core.steps.BaseStepListener - stepStarted: net.thucydides.core.steps.ExecutedStepDescription@4ef31221
[Test worker] WARN net.thucydides.core.steps.BaseStepListener - stepFinished: current outcome:Do sign up process:Given The user want sign up in Utest.com [User open up [User opens the Open up page], User login [User clicks on Button that show the sign up form]], When he send the form with his information complete on sign up page [User basic [User enters 'Carmen' into Button where the user put his name, User enters 'Rendon' into button when the user put his lastname, User enters 'CarmenRend197@gmail.com' into Button that we go to writte email, User clicks on Select month of your birthday, User clicks on Select Day of your birthday, User clicks on Select year of your birthday, User enters 'EspaÃ±ol' into Select year of your birthday, User clicks on send form], User adress [User enters 'Cartagena' into field to write the city, User enters ARROW_DOWN into field to write the city, User enters ENTER into field to write the city, User enters '130001' into field to write postal code, User clicks on Select Country, User enters 'Colombia' into insert your country, User enters ENTER into insert your country, User clicks on send form], User devices [User clicks on Select your mobile device, User enters 'Alcatel' into Select your mobile device, User enters ENTER into Select your mobile device]]
[Test worker] WARN net.thucydides.core.steps.BaseStepListener - stepStarted: net.thucydides.core.steps.ExecutedStepDescription@559e3f67
[Test worker] WARN net.thucydides.core.steps.BaseStepListener - stepFinished: current outcome:Do sign up process:Given The user want sign up in Utest.com [User open up [User opens the Open up page], User login [User clicks on Button that show the sign up form]], When he send the form with his information complete on sign up page [User basic [User enters 'Carmen' into Button where the user put his name, User enters 'Rendon' into button when the user put his lastname, User enters 'CarmenRend197@gmail.com' into Button that we go to writte email, User clicks on Select month of your birthday, User clicks on Select Day of your birthday, User clicks on Select year of your birthday, User enters 'EspaÃ±ol' into Select year of your birthday, User clicks on send form], User adress [User enters 'Cartagena' into field to write the city, User enters ARROW_DOWN into field to write the city, User enters ENTER into field to write the city, User enters '130001' into field to write postal code, User clicks on Select Country, User enters 'Colombia' into insert your country, User enters ENTER into insert your country, User clicks on send form], User devices [User clicks on Select your mobile device, User enters 'Alcatel' into Select your mobile device, User enters ENTER into Select your mobile device, User clicks on Select your model]]
[Test worker] WARN net.thucydides.core.steps.BaseStepListener - stepStarted: net.thucydides.core.steps.ExecutedStepDescription@5e6522a6
[Test worker] WARN net.thucydides.core.steps.BaseStepListener - stepFinished: current outcome:Do sign up process:Given The user want sign up in Utest.com [User open up [User opens the Open up page], User login [User clicks on Button that show the sign up form]], When he send the form with his information complete on sign up page [User basic [User enters 'Carmen' into Button where the user put his name, User enters 'Rendon' into button when the user put his lastname, User enters 'CarmenRend197@gmail.com' into Button that we go to writte email, User clicks on Select month of your birthday, User clicks on Select Day of your birthday, User clicks on Select year of your birthday, User enters 'EspaÃ±ol' into Select year of your birthday, User clicks on send form], User adress [User enters 'Cartagena' into field to write the city, User enters ARROW_DOWN into field to write the city, User enters ENTER into field to write the city, User enters '130001' into field to write postal code, User clicks on Select Country, User enters 'Colombia' into insert your country, User enters ENTER into insert your country, User clicks on send form], User devices [User clicks on Select your mobile device, User enters 'Alcatel' into Select your mobile device, User enters ENTER into Select your mobile device, User clicks on Select your model, User enters 'A30' into Select your model]]
[Test worker] WARN net.thucydides.core.steps.BaseStepListener - stepStarted: net.thucydides.core.steps.ExecutedStepDescription@457692cb
[Test worker] WARN net.thucydides.core.steps.BaseStepListener - stepFinished: current outcome:Do sign up process:Given The user want sign up in Utest.com [User open up [User opens the Open up page], User login [User clicks on Button that show the sign up form]], When he send the form with his information complete on sign up page [User basic [User enters 'Carmen' into Button where the user put his name, User enters 'Rendon' into button when the user put his lastname, User enters 'CarmenRend197@gmail.com' into Button that we go to writte email, User clicks on Select month of your birthday, User clicks on Select Day of your birthday, User clicks on Select year of your birthday, User enters 'EspaÃ±ol' into Select year of your birthday, User clicks on send form], User adress [User enters 'Cartagena' into field to write the city, User enters ARROW_DOWN into field to write the city, User enters ENTER into field to write the city, User enters '130001' into field to write postal code, User clicks on Select Country, User enters 'Colombia' into insert your country, User enters ENTER into insert your country, User clicks on send form], User devices [User clicks on Select your mobile device, User enters 'Alcatel' into Select your mobile device, User enters ENTER into Select your mobile device, User clicks on Select your model, User enters 'A30' into Select your model, User enters ENTER into Select your model]]
[Test worker] WARN net.thucydides.core.steps.BaseStepListener - stepStarted: net.thucydides.core.steps.ExecutedStepDescription@2db461b5
[Test worker] WARN net.thucydides.core.steps.BaseStepListener - stepFinished: current outcome:Do sign up process:Given The user want sign up in Utest.com [User open up [User opens the Open up page], User login [User clicks on Button that show the sign up form]], When he send the form with his information complete on sign up page [User basic [User enters 'Carmen' into Button where the user put his name, User enters 'Rendon' into button when the user put his lastname, User enters 'CarmenRend197@gmail.com' into Button that we go to writte email, User clicks on Select month of your birthday, User clicks on Select Day of your birthday, User clicks on Select year of your birthday, User enters 'EspaÃ±ol' into Select year of your birthday, User clicks on send form], User adress [User enters 'Cartagena' into field to write the city, User enters ARROW_DOWN into field to write the city, User enters ENTER into field to write the city, User enters '130001' into field to write postal code, User clicks on Select Country, User enters 'Colombia' into insert your country, User enters ENTER into insert your country, User clicks on send form], User devices [User clicks on Select your mobile device, User enters 'Alcatel' into Select your mobile device, User enters ENTER into Select your mobile device, User clicks on Select your model, User enters 'A30' into Select your model, User enters ENTER into Select your model, User clicks on Select your OS]]
[Test worker] WARN net.thucydides.core.steps.BaseStepListener - stepStarted: net.thucydides.core.steps.ExecutedStepDescription@47c81e89
[Test worker] WARN net.thucydides.core.steps.BaseStepListener - stepFinished: current outcome:Do sign up process:Given The user want sign up in Utest.com [User open up [User opens the Open up page], User login [User clicks on Button that show the sign up form]], When he send the form with his information complete on sign up page [User basic [User enters 'Carmen' into Button where the user put his name, User enters 'Rendon' into button when the user put his lastname, User enters 'CarmenRend197@gmail.com' into Button that we go to writte email, User clicks on Select month of your birthday, User clicks on Select Day of your birthday, User clicks on Select year of your birthday, User enters 'EspaÃ±ol' into Select year of your birthday, User clicks on send form], User adress [User enters 'Cartagena' into field to write the city, User enters ARROW_DOWN into field to write the city, User enters ENTER into field to write the city, User enters '130001' into field to write postal code, User clicks on Select Country, User enters 'Colombia' into insert your country, User enters ENTER into insert your country, User clicks on send form], User devices [User clicks on Select your mobile device, User enters 'Alcatel' into Select your mobile device, User enters ENTER into Select your mobile device, User clicks on Select your model, User enters 'A30' into Select your model, User enters ENTER into Select your model, User clicks on Select your OS, User enters 'Android 6' into Select your OS]]
[Test worker] WARN net.thucydides.core.steps.BaseStepListener - stepStarted: net.thucydides.core.steps.ExecutedStepDescription@299eca90
[Test worker] WARN net.thucydides.core.steps.BaseStepListener - stepFinished: current outcome:Do sign up process:Given The user want sign up in Utest.com [User open up [User opens the Open up page], User login [User clicks on Button that show the sign up form]], When he send the form with his information complete on sign up page [User basic [User enters 'Carmen' into Button where the user put his name, User enters 'Rendon' into button when the user put his lastname, User enters 'CarmenRend197@gmail.com' into Button that we go to writte email, User clicks on Select month of your birthday, User clicks on Select Day of your birthday, User clicks on Select year of your birthday, User enters 'EspaÃ±ol' into Select year of your birthday, User clicks on send form], User adress [User enters 'Cartagena' into field to write the city, User enters ARROW_DOWN into field to write the city, User enters ENTER into field to write the city, User enters '130001' into field to write postal code, User clicks on Select Country, User enters 'Colombia' into insert your country, User enters ENTER into insert your country, User clicks on send form], User devices [User clicks on Select your mobile device, User enters 'Alcatel' into Select your mobile device, User enters ENTER into Select your mobile device, User clicks on Select your model, User enters 'A30' into Select your model, User enters ENTER into Select your model, User clicks on Select your OS, User enters 'Android 6' into Select your OS, User enters ENTER into Select your OS]]
[Test worker] WARN net.thucydides.core.steps.BaseStepListener - stepStarted: net.thucydides.core.steps.ExecutedStepDescription@4119346d
[Test worker] WARN net.thucydides.core.steps.BaseStepListener - stepFinished: current outcome:Do sign up process:Given The user want sign up in Utest.com [User open up [User opens the Open up page], User login [User clicks on Button that show the sign up form]], When he send the form with his information complete on sign up page [User basic [User enters 'Carmen' into Button where the user put his name, User enters 'Rendon' into button when the user put his lastname, User enters 'CarmenRend197@gmail.com' into Button that we go to writte email, User clicks on Select month of your birthday, User clicks on Select Day of your birthday, User clicks on Select year of your birthday, User enters 'EspaÃ±ol' into Select year of your birthday, User clicks on send form], User adress [User enters 'Cartagena' into field to write the city, User enters ARROW_DOWN into field to write the city, User enters ENTER into field to write the city, User enters '130001' into field to write postal code, User clicks on Select Country, User enters 'Colombia' into insert your country, User enters ENTER into insert your country, User clicks on send form], User devices [User clicks on Select your mobile device, User enters 'Alcatel' into Select your mobile device, User enters ENTER into Select your mobile device, User clicks on Select your model, User enters 'A30' into Select your model, User enters ENTER into Select your model, User clicks on Select your OS, User enters 'Android 6' into Select your OS, User enters ENTER into Select your OS, User clicks on send form]]
[Test worker] WARN net.thucydides.core.steps.BaseStepListener - stepFinished: current outcome:Do sign up process:Given The user want sign up in Utest.com [User open up [User opens the Open up page], User login [User clicks on Button that show the sign up form]], When he send the form with his information complete on sign up page [User basic [User enters 'Carmen' into Button where the user put his name, User enters 'Rendon' into button when the user put his lastname, User enters 'CarmenRend197@gmail.com' into Button that we go to writte email, User clicks on Select month of your birthday, User clicks on Select Day of your birthday, User clicks on Select year of your birthday, User enters 'EspaÃ±ol' into Select year of your birthday, User clicks on send form], User adress [User enters 'Cartagena' into field to write the city, User enters ARROW_DOWN into field to write the city, User enters ENTER into field to write the city, User enters '130001' into field to write postal code, User clicks on Select Country, User enters 'Colombia' into insert your country, User enters ENTER into insert your country, User clicks on send form], User devices [User clicks on Select your mobile device, User enters 'Alcatel' into Select your mobile device, User enters ENTER into Select your mobile device, User clicks on Select your model, User enters 'A30' into Select your model, User enters ENTER into Select your model, User clicks on Select your OS, User enters 'Android 6' into Select your OS, User enters ENTER into Select your OS, User clicks on send form]]
[Test worker] WARN net.thucydides.core.steps.BaseStepListener - stepStarted: net.thucydides.core.steps.ExecutedStepDescription@54496c2d
[Test worker] WARN net.thucydides.core.steps.BaseStepListener - stepStarted: net.thucydides.core.steps.ExecutedStepDescription@420b55ed
[Test worker] WARN net.thucydides.core.steps.BaseStepListener - stepFinished: current outcome:Do sign up process:Given The user want sign up in Utest.com [User open up [User opens the Open up page], User login [User clicks on Button that show the sign up form]], When he send the form with his information complete on sign up page [User basic [User enters 'Carmen' into Button where the user put his name, User enters 'Rendon' into button when the user put his lastname, User enters 'CarmenRend197@gmail.com' into Button that we go to writte email, User clicks on Select month of your birthday, User clicks on Select Day of your birthday, User clicks on Select year of your birthday, User enters 'EspaÃ±ol' into Select year of your birthday, User clicks on send form], User adress [User enters 'Cartagena' into field to write the city, User enters ARROW_DOWN into field to write the city, User enters ENTER into field to write the city, User enters '130001' into field to write postal code, User clicks on Select Country, User enters 'Colombia' into insert your country, User enters ENTER into insert your country, User clicks on send form], User devices [User clicks on Select your mobile device, User enters 'Alcatel' into Select your mobile device, User enters ENTER into Select your mobile device, User clicks on Select your model, User enters 'A30' into Select your model, User enters ENTER into Select your model, User clicks on Select your OS, User enters 'Android 6' into Select your OS, User enters ENTER into Select your OS, User clicks on send form], User ultimate [User enters 'Amelia1314??' into Writte the password]]
[Test worker] WARN net.thucydides.core.steps.BaseStepListener - stepStarted: net.thucydides.core.steps.ExecutedStepDescription@1f75fd1d
[Test worker] WARN net.thucydides.core.steps.BaseStepListener - stepFinished: current outcome:Do sign up process:Given The user want sign up in Utest.com [User open up [User opens the Open up page], User login [User clicks on Button that show the sign up form]], When he send the form with his information complete on sign up page [User basic [User enters 'Carmen' into Button where the user put his name, User enters 'Rendon' into button when the user put his lastname, User enters 'CarmenRend197@gmail.com' into Button that we go to writte email, User clicks on Select month of your birthday, User clicks on Select Day of your birthday, User clicks on Select year of your birthday, User enters 'EspaÃ±ol' into Select year of your birthday, User clicks on send form], User adress [User enters 'Cartagena' into field to write the city, User enters ARROW_DOWN into field to write the city, User enters ENTER into field to write the city, User enters '130001' into field to write postal code, User clicks on Select Country, User enters 'Colombia' into insert your country, User enters ENTER into insert your country, User clicks on send form], User devices [User clicks on Select your mobile device, User enters 'Alcatel' into Select your mobile device, User enters ENTER into Select your mobile device, User clicks on Select your model, User enters 'A30' into Select your model, User enters ENTER into Select your model, User clicks on Select your OS, User enters 'Android 6' into Select your OS, User enters ENTER into Select your OS, User clicks on send form], User ultimate [User enters 'Amelia1314??' into Writte the password, User enters 'Amelia1314??' into repeat the password]]
[Test worker] WARN net.thucydides.core.steps.BaseStepListener - stepStarted: net.thucydides.core.steps.ExecutedStepDescription@43f99817
[Test worker] WARN net.thucydides.core.steps.BaseStepListener - stepFinished: current outcome:Do sign up process:Given The user want sign up in Utest.com [User open up [User opens the Open up page], User login [User clicks on Button that show the sign up form]], When he send the form with his information complete on sign up page [User basic [User enters 'Carmen' into Button where the user put his name, User enters 'Rendon' into button when the user put his lastname, User enters 'CarmenRend197@gmail.com' into Button that we go to writte email, User clicks on Select month of your birthday, User clicks on Select Day of your birthday, User clicks on Select year of your birthday, User enters 'EspaÃ±ol' into Select year of your birthday, User clicks on send form], User adress [User enters 'Cartagena' into field to write the city, User enters ARROW_DOWN into field to write the city, User enters ENTER into field to write the city, User enters '130001' into field to write postal code, User clicks on Select Country, User enters 'Colombia' into insert your country, User enters ENTER into insert your country, User clicks on send form], User devices [User clicks on Select your mobile device, User enters 'Alcatel' into Select your mobile device, User enters ENTER into Select your mobile device, User clicks on Select your model, User enters 'A30' into Select your model, User enters ENTER into Select your model, User clicks on Select your OS, User enters 'Android 6' into Select your OS, User enters ENTER into Select your OS, User clicks on send form], User ultimate [User enters 'Amelia1314??' into Writte the password, User enters 'Amelia1314??' into repeat the password, User clicks on accept the check]]
[Test worker] WARN net.thucydides.core.steps.BaseStepListener - stepStarted: net.thucydides.core.steps.ExecutedStepDescription@3516b881
[Test worker] WARN net.thucydides.core.steps.BaseStepListener - stepFinished: current outcome:Do sign up process:Given The user want sign up in Utest.com [User open up [User opens the Open up page], User login [User clicks on Button that show the sign up form]], When he send the form with his information complete on sign up page [User basic [User enters 'Carmen' into Button where the user put his name, User enters 'Rendon' into button when the user put his lastname, User enters 'CarmenRend197@gmail.com' into Button that we go to writte email, User clicks on Select month of your birthday, User clicks on Select Day of your birthday, User clicks on Select year of your birthday, User enters 'EspaÃ±ol' into Select year of your birthday, User clicks on send form], User adress [User enters 'Cartagena' into field to write the city, User enters ARROW_DOWN into field to write the city, User enters ENTER into field to write the city, User enters '130001' into field to write postal code, User clicks on Select Country, User enters 'Colombia' into insert your country, User enters ENTER into insert your country, User clicks on send form], User devices [User clicks on Select your mobile device, User enters 'Alcatel' into Select your mobile device, User enters ENTER into Select your mobile device, User clicks on Select your model, User enters 'A30' into Select your model, User enters ENTER into Select your model, User clicks on Select your OS, User enters 'Android 6' into Select your OS, User enters ENTER into Select your OS, User clicks on send form], User ultimate [User enters 'Amelia1314??' into Writte the password, User enters 'Amelia1314??' into repeat the password, User clicks on accept the check, User clicks on accept policy]]
[Test worker] WARN net.thucydides.core.steps.BaseStepListener - stepStarted: net.thucydides.core.steps.ExecutedStepDescription@1fe05fff
[Test worker] WARN net.thucydides.core.steps.BaseStepListener - stepFinished: current outcome:Do sign up process:Given The user want sign up in Utest.com [User open up [User opens the Open up page], User login [User clicks on Button that show the sign up form]], When he send the form with his information complete on sign up page [User basic [User enters 'Carmen' into Button where the user put his name, User enters 'Rendon' into button when the user put his lastname, User enters 'CarmenRend197@gmail.com' into Button that we go to writte email, User clicks on Select month of your birthday, User clicks on Select Day of your birthday, User clicks on Select year of your birthday, User enters 'EspaÃ±ol' into Select year of your birthday, User clicks on send form], User adress [User enters 'Cartagena' into field to write the city, User enters ARROW_DOWN into field to write the city, User enters ENTER into field to write the city, User enters '130001' into field to write postal code, User clicks on Select Country, User enters 'Colombia' into insert your country, User enters ENTER into insert your country, User clicks on send form], User devices [User clicks on Select your mobile device, User enters 'Alcatel' into Select your mobile device, User enters ENTER into Select your mobile device, User clicks on Select your model, User enters 'A30' into Select your model, User enters ENTER into Select your model, User clicks on Select your OS, User enters 'Android 6' into Select your OS, User enters ENTER into Select your OS, User clicks on send form], User ultimate [User enters 'Amelia1314??' into Writte the password, User enters 'Amelia1314??' into repeat the password, User clicks on accept the check, User clicks on accept policy, User clicks on send form]]
[Test worker] WARN net.thucydides.core.steps.BaseStepListener - stepFinished: current outcome:Do sign up process:Given The user want sign up in Utest.com [User open up [User opens the Open up page], User login [User clicks on Button that show the sign up form]], When he send the form with his information complete on sign up page [User basic [User enters 'Carmen' into Button where the user put his name, User enters 'Rendon' into button when the user put his lastname, User enters 'CarmenRend197@gmail.com' into Button that we go to writte email, User clicks on Select month of your birthday, User clicks on Select Day of your birthday, User clicks on Select year of your birthday, User enters 'EspaÃ±ol' into Select year of your birthday, User clicks on send form], User adress [User enters 'Cartagena' into field to write the city, User enters ARROW_DOWN into field to write the city, User enters ENTER into field to write the city, User enters '130001' into field to write postal code, User clicks on Select Country, User enters 'Colombia' into insert your country, User enters ENTER into insert your country, User clicks on send form], User devices [User clicks on Select your mobile device, User enters 'Alcatel' into Select your mobile device, User enters ENTER into Select your mobile device, User clicks on Select your model, User enters 'A30' into Select your model, User enters ENTER into Select your model, User clicks on Select your OS, User enters 'Android 6' into Select your OS, User enters ENTER into Select your OS, User clicks on send form], User ultimate [User enters 'Amelia1314??' into Writte the password, User enters 'Amelia1314??' into repeat the password, User clicks on accept the check, User clicks on accept policy, User clicks on send form]]
[Test worker] WARN net.thucydides.core.steps.BaseStepListener - stepFinished: current outcome:Do sign up process:Given The user want sign up in Utest.com [User open up [User opens the Open up page], User login [User clicks on Button that show the sign up form]], When he send the form with his information complete on sign up page [User basic [User enters 'Carmen' into Button where the user put his name, User enters 'Rendon' into button when the user put his lastname, User enters 'CarmenRend197@gmail.com' into Button that we go to writte email, User clicks on Select month of your birthday, User clicks on Select Day of your birthday, User clicks on Select year of your birthday, User enters 'EspaÃ±ol' into Select year of your birthday, User clicks on send form], User adress [User enters 'Cartagena' into field to write the city, User enters ARROW_DOWN into field to write the city, User enters ENTER into field to write the city, User enters '130001' into field to write postal code, User clicks on Select Country, User enters 'Colombia' into insert your country, User enters ENTER into insert your country, User clicks on send form], User devices [User clicks on Select your mobile device, User enters 'Alcatel' into Select your mobile device, User enters ENTER into Select your mobile device, User clicks on Select your model, User enters 'A30' into Select your model, User enters ENTER into Select your model, User clicks on Select your OS, User enters 'Android 6' into Select your OS, User enters ENTER into Select your OS, User clicks on send form], User ultimate [User enters 'Amelia1314??' into Writte the password, User enters 'Amelia1314??' into repeat the password, User clicks on accept the check, User clicks on accept policy, User clicks on send form]]
[Test worker] WARN net.thucydides.core.steps.BaseStepListener - stepStarted: net.thucydides.core.steps.ExecutedStepDescription@270b8c2a
[Test worker] WARN net.thucydides.core.steps.BaseStepListener - stepStarted: net.thucydides.core.steps.ExecutedStepDescription@10408ea
[Test worker] WARN net.thucydides.core.steps.BaseStepListener - testFinished: Do sign up process:Given The user want sign up in Utest.com [User open up [User opens the Open up page], User login [User clicks on Button that show the sign up form]], When he send the form with his information complete on sign up page [User basic [User enters 'Carmen' into Button where the user put his name, User enters 'Rendon' into button when the user put his lastname, User enters 'CarmenRend197@gmail.com' into Button that we go to writte email, User clicks on Select month of your birthday, User clicks on Select Day of your birthday, User clicks on Select year of your birthday, User enters 'EspaÃ±ol' into Select year of your birthday, User clicks on send form], User adress [User enters 'Cartagena' into field to write the city, User enters ARROW_DOWN into field to write the city, User enters ENTER into field to write the city, User enters '130001' into field to write postal code, User clicks on Select Country, User enters 'Colombia' into insert your country, User enters ENTER into insert your country, User clicks on send form], User devices [User clicks on Select your mobile device, User enters 'Alcatel' into Select your mobile device, User enters ENTER into Select your mobile device, User clicks on Select your model, User enters 'A30' into Select your model, User enters ENTER into Select your model, User clicks on Select your OS, User enters 'Android 6' into Select your OS, User enters ENTER into Select your OS, User clicks on send form], User ultimate [User enters 'Amelia1314??' into Writte the password, User enters 'Amelia1314??' into repeat the password, User clicks on accept the check, User clicks on accept policy, User clicks on send form]], Then fill in the form and get Complete Setup [Then answer]
[Test worker] WARN net.thucydides.core.steps.BaseStepListener - TestOutcomes: [Do sign up process:Given The user want sign up in Utest.com [User open up [User opens the Open up page], User login [User clicks on Button that show the sign up form]], When he send the form with his information complete on sign up page [User basic [User enters 'Carmen' into Button where the user put his name, User enters 'Rendon' into button when the user put his lastname, User enters 'CarmenRend197@gmail.com' into Button that we go to writte email, User clicks on Select month of your birthday, User clicks on Select Day of your birthday, User clicks on Select year of your birthday, User enters 'EspaÃ±ol' into Select year of your birthday, User clicks on send form], User adress [User enters 'Cartagena' into field to write the city, User enters ARROW_DOWN into field to write the city, User enters ENTER into field to write the city, User enters '130001' into field to write postal code, User clicks on Select Country, User enters 'Colombia' into insert your country, User enters ENTER into insert your country, User clicks on send form], User devices [User clicks on Select your mobile device, User enters 'Alcatel' into Select your mobile device, User enters ENTER into Select your mobile device, User clicks on Select your model, User enters 'A30' into Select your model, User enters ENTER into Select your model, User clicks on Select your OS, User enters 'Android 6' into Select your OS, User enters ENTER into Select your OS, User clicks on send form], User ultimate [User enters 'Amelia1314??' into Writte the password, User enters 'Amelia1314??' into repeat the password, User clicks on accept the check, User clicks on accept policy, User clicks on send form]], Then fill in the form and get Complete Setup [Then answer]]
[Test worker] WARN net.thucydides.core.steps.BaseStepListener - Final testOutcomes: [Do sign up process:Given The user want sign up in Utest.com [User open up [User opens the Open up page], User login [User clicks on Button that show the sign up form]], When he send the form with his information complete on sign up page [User basic [User enters 'Carmen' into Button where the user put his name, User enters 'Rendon' into button when the user put his lastname, User enters 'CarmenRend197@gmail.com' into Button that we go to writte email, User clicks on Select month of your birthday, User clicks on Select Day of your birthday, User clicks on Select year of your birthday, User enters 'EspaÃ±ol' into Select year of your birthday, User clicks on send form], User adress [User enters 'Cartagena' into field to write the city, User enters ARROW_DOWN into field to write the city, User enters ENTER into field to write the city, User enters '130001' into field to write postal code, User clicks on Select Country, User enters 'Colombia' into insert your country, User enters ENTER into insert your country, User clicks on send form], User devices [User clicks on Select your mobile device, User enters 'Alcatel' into Select your mobile device, User enters ENTER into Select your mobile device, User clicks on Select your model, User enters 'A30' into Select your model, User enters ENTER into Select your model, User clicks on Select your OS, User enters 'Android 6' into Select your OS, User enters ENTER into Select your OS, User clicks on send form], User ultimate [User enters 'Amelia1314??' into Writte the password, User enters 'Amelia1314??' into repeat the password, User clicks on accept the check, User clicks on accept policy, User clicks on send form]], Then fill in the form and get Complete Setup [Then answer]]
[Test worker] ERROR net.thucydides.core.steps.ConsoleLoggingListener - 
           __  _____ _____ ____ _____   _____ _    ___ _     _____ ____  
  _       / / |_   _| ____/ ___|_   _| |  ___/ \  |_ _| |   | ____|  _ \ 
 (_)_____| |    | | |  _| \___ \ | |   | |_ / _ \  | || |   |  _| | | | |
  _|_____| |    | | | |___ ___) || |   |  _/ ___ \ | || |___| |___| |_| |
 (_)     | |    |_| |_____|____/ |_|   |_|/_/   \_\___|_____|_____|____/ 
          \_\                                                            

TEST FAILED WITH ERROR: Do sign up process
---------------------------------------------------------------------
[Test worker] ERROR net.thucydides.core.steps.ConsoleLoggingListener - TEST FAILED AT STEP Then answer
[Test worker] ERROR net.thucydides.core.steps.ConsoleLoggingListener - no such element: Unable to locate element: {"method":"xpath","selector":"//span[contains(text(), 'Complete Setup')]"}
]]></system-err>
</testsuite>
